Using pre-set license
Built from '2021.1/staging' branch; Version is '2021.1.18f1 (25bdc3efbc2d) revision 2473411'; Using compiler version '192528614'; Build Type 'Release'
OS: 'Windows 10 Education; OS build 22000.168; Version 2009; 64bit' Language: 'en' Physical Memory: 16308 MB
BatchMode: 1, IsHumanControllingUs: 0, StartBugReporterOnCrash: 0, Is64bit: 1, IsPro: 0

COMMAND LINE ARGUMENTS:
C:\Program Files\Unity\Hub\Editor\2021.1.18f1\Editor\Unity.exe
-adb2
-batchMode
-noUpm
-name
AssetImportWorker0
-projectPath
D:/Unity Projects/IS Project
-logFile
Logs/AssetImportWorker0.log
-srvPort
53813
Successfully changed project path to: D:/Unity Projects/IS Project
D:/Unity Projects/IS Project
Using Asset Import Pipeline V2.
Refreshing native plugins compatible for Editor in 76.53 ms, found 3 plugins.
Preloading 0 native plugins for Editor in 0.00 ms.
Initialize engine version: 2021.1.18f1 (25bdc3efbc2d)
[Subsystems] Discovering subsystems at path C:/Program Files/Unity/Hub/Editor/2021.1.18f1/Editor/Data/Resources/UnitySubsystems
[Subsystems] Discovering subsystems at path D:/Unity Projects/IS Project/Assets
GfxDevice: creating device client; threaded=0; jobified=0
Direct3D:
    Version:  Direct3D 11.0 [level 11.1]
    Renderer: NVIDIA GeForce RTX 2060 (ID=0x1f08)
    Vendor:   NVIDIA
    VRAM:     5980 MB
    Driver:   30.0.14.7168
Initialize mono
Mono path[0] = 'C:/Program Files/Unity/Hub/Editor/2021.1.18f1/Editor/Data/Managed'
Mono path[1] = 'C:/Program Files/Unity/Hub/Editor/2021.1.18f1/Editor/Data/MonoBleedingEdge/lib/mono/unityjit'
Mono config path = 'C:/Program Files/Unity/Hub/Editor/2021.1.18f1/Editor/Data/MonoBleedingEdge/etc'
Using monoOptions --debugger-agent=transport=dt_socket,embedding=1,server=y,suspend=n,address=127.0.0.1:56492
Begin MonoManager ReloadAssembly
Registering precompiled unity dll's ...
Register platform support module: C:/Program Files/Unity/Hub/Editor/2021.1.18f1/Editor/Data/PlaybackEngines/WindowsStandaloneSupport/UnityEditor.WindowsStandalone.Extensions.dll
Registered in 0.001988 seconds.
Native extension for WindowsStandalone target not found
Refreshing native plugins compatible for Editor in 74.33 ms, found 3 plugins.
Preloading 0 native plugins for Editor in 0.00 ms.
Mono: successfully reloaded assembly
- Completed reload, in  1.189 seconds
Domain Reload Profiling:
	ReloadAssembly (1189ms)
		BeginReloadAssembly (63ms)
			ExecutionOrderSort (0ms)
			DisableScriptedObjects (0ms)
			BackupInstance (0ms)
			ReleaseScriptingObjects (0ms)
			CreateAndSetChildDomain (1ms)
		EndReloadAssembly (411ms)
			LoadAssemblies (61ms)
			RebuildTransferFunctionScriptingTraits (0ms)
			SetupTypeCache (148ms)
			ReleaseScriptCaches (0ms)
			RebuildScriptCaches (27ms)
			SetupLoadedEditorAssemblies (195ms)
				LogAssemblyErrors (0ms)
				InitializePlatformSupportModulesInManaged (5ms)
				SetLoadedEditorAssemblies (0ms)
				RefreshPlugins (74ms)
				BeforeProcessingInitializeOnLoad (1ms)
				ProcessInitializeOnLoadAttributes (87ms)
				ProcessInitializeOnLoadMethodAttributes (26ms)
				AfterProcessingInitializeOnLoad (0ms)
				EditorAssembliesLoaded (0ms)
			ExecutionOrderSort2 (0ms)
			AwakeInstancesAfterBackupRestoration (0ms)
Platform modules already initialized, skipping
Registering precompiled user dll's ...
Registered in 0.004468 seconds.
Begin MonoManager ReloadAssembly
Symbol file LoadedFromMemory doesn't match image D:\Unity Projects\IS Project\Library\PackageCache\com.unity.visualscripting@1.6.1\Editor\VisualScripting.Core\Dependencies\YamlDotNet\Unity.VisualScripting.YamlDotNet.dll
Symbol file LoadedFromMemory doesn't match image D:\Unity Projects\IS Project\Library\PackageCache\com.unity.visualscripting@1.6.1\Editor\VisualScripting.Core\Dependencies\DotNetZip\Unity.VisualScripting.IonicZip.dll
Native extension for WindowsStandalone target not found
Refreshing native plugins compatible for Editor in 0.64 ms, found 3 plugins.
Preloading 0 native plugins for Editor in 0.00 ms.
Mono: successfully reloaded assembly
- Completed reload, in  1.045 seconds
Domain Reload Profiling:
	ReloadAssembly (1046ms)
		BeginReloadAssembly (143ms)
			ExecutionOrderSort (0ms)
			DisableScriptedObjects (4ms)
			BackupInstance (0ms)
			ReleaseScriptingObjects (0ms)
			CreateAndSetChildDomain (18ms)
		EndReloadAssembly (848ms)
			LoadAssemblies (88ms)
			RebuildTransferFunctionScriptingTraits (0ms)
			SetupTypeCache (298ms)
			ReleaseScriptCaches (1ms)
			RebuildScriptCaches (42ms)
			SetupLoadedEditorAssemblies (344ms)
				LogAssemblyErrors (0ms)
				InitializePlatformSupportModulesInManaged (4ms)
				SetLoadedEditorAssemblies (0ms)
				RefreshPlugins (1ms)
				BeforeProcessingInitializeOnLoad (61ms)
				ProcessInitializeOnLoadAttributes (266ms)
				ProcessInitializeOnLoadMethodAttributes (5ms)
				AfterProcessingInitializeOnLoad (7ms)
				EditorAssembliesLoaded (0ms)
			ExecutionOrderSort2 (0ms)
			AwakeInstancesAfterBackupRestoration (6ms)
Platform modules already initialized, skipping
========================================================================
Worker process is ready to serve import requests
Launched and connected shader compiler UnityShaderCompiler.exe after 0.07 seconds
Refreshing native plugins compatible for Editor in 0.60 ms, found 3 plugins.
Preloading 0 native plugins for Editor in 0.00 ms.
Unloading 2968 Unused Serialized files (Serialized files now loaded: 0)
System memory in use before: 106.3 MB.
System memory in use after: 106.4 MB.

Unloading 22 unused Assets to reduce memory usage. Loaded Objects now: 3413.
Total: 3.191900 ms (FindLiveObjects: 0.250100 ms CreateObjectMapping: 0.116800 ms MarkObjects: 2.760800 ms  DeleteObjects: 0.063400 ms)

AssetImportParameters requested are different than current active one (requested -> active):
  custom:framework-win-MediaFoundation: 216162199b28c13a410421893ffa2e32 -> 
  custom:video-decoder-ogg-theora: a1e56fd34408186e4bbccfd4996cb3dc -> 
  custom:container-muxer-webm: aa71ff27fc2769a1b78a27578f13a17b -> 
  custom:container-demuxer-webm: 4f35f7cbe854078d1ac9338744f61a02 -> 
  custom:container-demuxer-ogg: 62fdf1f143b41e24485cea50d1cbac27 -> 
  custom:video-encoder-webm-vp8: eb34c28f22e8b96e1ab97ce403110664 -> 
  custom:video-decoder-webm-vp8: 9c59270c3fd7afecdb556c50c9e8de78 -> 
  custom:audio-decoder-ogg-vorbis: bf7c407c2cedff20999df2af8eb42d56 -> 
  custom:audio-encoder-webm-vorbis: bf7c407c2cedff20999df2af8eb42d56 -> 
========================================================================
Received Import Request.
  path: Assets/Scripts/UI/DirectorDisplay.cs
  artifactKey: Guid(80441b3cc6a77a34d8798348a9453e89) Importer(815301076,1909f56bfc062723c751e8b465ee728b)
Start importing Assets/Scripts/UI/DirectorDisplay.cs using Guid(80441b3cc6a77a34d8798348a9453e89) Importer(815301076,1909f56bfc062723c751e8b465ee728b)  -> (artifact id: 'e877b35dc48bcf164b0bd52130a54ded') in 0.048843 seconds 
========================================================================
Received Import Request.
  Time since last request: 0.000249 seconds.
  path: Assets/Scripts/UI
  artifactKey: Guid(1dab3541563d23643b2407b9adeb58f8) Importer(815301076,1909f56bfc062723c751e8b465ee728b)
Start importing Assets/Scripts/UI using Guid(1dab3541563d23643b2407b9adeb58f8) Importer(815301076,1909f56bfc062723c751e8b465ee728b)  -> (artifact id: 'dd346be1b8411ed160efb8e9a6dc379b') in 0.010241 seconds 
========================================================================
Received Import Request.
  Time since last request: 1.598798 seconds.
  path: Assets/Scripts/UI/WeaponDisplay.cs
  artifactKey: Guid(fdd596a031a3b144498b676aad73c029) Importer(815301076,1909f56bfc062723c751e8b465ee728b)
Start importing Assets/Scripts/UI/WeaponDisplay.cs using Guid(fdd596a031a3b144498b676aad73c029) Importer(815301076,1909f56bfc062723c751e8b465ee728b)  -> (artifact id: '98fc404b02f21fb2ea4e9683905b37e6') in 0.009599 seconds 
========================================================================
Received Import Request.
  Time since last request: 1.738315 seconds.
  path: Assets/Scripts/UI/HealthDisplay.cs
  artifactKey: Guid(d7b411f042f314d44859357dd1b6809b) Importer(815301076,1909f56bfc062723c751e8b465ee728b)
Start importing Assets/Scripts/UI/HealthDisplay.cs using Guid(d7b411f042f314d44859357dd1b6809b) Importer(815301076,1909f56bfc062723c751e8b465ee728b)  -> (artifact id: '982345858a93e6f2eb4651d11ee86caf') in 0.010432 seconds 
========================================================================
Received Import Request.
  Time since last request: 0.535147 seconds.
  path: Assets/Scripts/UI/GrenadeDisplay.cs
  artifactKey: Guid(b1ba684f68e9122458276967f20218ba) Importer(815301076,1909f56bfc062723c751e8b465ee728b)
Start importing Assets/Scripts/UI/GrenadeDisplay.cs using Guid(b1ba684f68e9122458276967f20218ba) Importer(815301076,1909f56bfc062723c751e8b465ee728b)  -> (artifact id: '5351a3e80712769618be4c941fffd2b8') in 0.009371 seconds 
========================================================================
Received Import Request.
  Time since last request: 7.550953 seconds.
  path: Assets/Scripts/Game/GameDirector.cs
  artifactKey: Guid(56847d2122efd124b94e103f1734f1ec) Importer(815301076,1909f56bfc062723c751e8b465ee728b)
Start importing Assets/Scripts/Game/GameDirector.cs using Guid(56847d2122efd124b94e103f1734f1ec) Importer(815301076,1909f56bfc062723c751e8b465ee728b)  -> (artifact id: '4aadca51f2d436f8c08addb79f9963dd') in 0.009508 seconds 
========================================================================
Received Import Request.
  Time since last request: 0.356612 seconds.
  path: Assets/Scripts/Game/EnemySpawner.cs
  artifactKey: Guid(e01c30db47bbcd94d8357b6b1ea2b5e7) Importer(815301076,1909f56bfc062723c751e8b465ee728b)
Start importing Assets/Scripts/Game/EnemySpawner.cs using Guid(e01c30db47bbcd94d8357b6b1ea2b5e7) Importer(815301076,1909f56bfc062723c751e8b465ee728b)  -> (artifact id: 'e7b418ec00d7130c00c652bac03bf18f') in 0.009511 seconds 
========================================================================
Received Import Request.
  Time since last request: 1.437420 seconds.
  path: Assets/Scripts/Game/ShopController.cs
  artifactKey: Guid(0370635fe5882354d8e7084f77b74265) Importer(815301076,1909f56bfc062723c751e8b465ee728b)
Start importing Assets/Scripts/Game/ShopController.cs using Guid(0370635fe5882354d8e7084f77b74265) Importer(815301076,1909f56bfc062723c751e8b465ee728b)  -> (artifact id: '1c2789a611401b030518efeaceb8914c') in 0.009547 seconds 
========================================================================
Received Import Request.
  Time since last request: 2.824684 seconds.
  path: Assets/Scripts/Enemy/AttackBehaviours
  artifactKey: Guid(7345dc2c82fdb8d4e8074d39b18bafd8) Importer(815301076,1909f56bfc062723c751e8b465ee728b)
Start importing Assets/Scripts/Enemy/AttackBehaviours using Guid(7345dc2c82fdb8d4e8074d39b18bafd8) Importer(815301076,1909f56bfc062723c751e8b465ee728b)  -> (artifact id: '710809c8f12d7c3f9f0334b01e40fbfa') in 0.009552 seconds 
========================================================================
Received Import Request.
  Time since last request: 1.554460 seconds.
  path: Assets/Scripts/Enemy/AttackBehaviours/EnemySpawnAttack.cs
  artifactKey: Guid(0641aa0a1b5bb484dad1297b414d2728) Importer(815301076,1909f56bfc062723c751e8b465ee728b)
Start importing Assets/Scripts/Enemy/AttackBehaviours/EnemySpawnAttack.cs using Guid(0641aa0a1b5bb484dad1297b414d2728) Importer(815301076,1909f56bfc062723c751e8b465ee728b)  -> (artifact id: '3adbce0c4c5071ae261b682c612f0a02') in 0.009513 seconds 
========================================================================
Received Import Request.
  Time since last request: 0.294709 seconds.
  path: Assets/Scripts/Enemy/AttackBehaviours/EnemySuicideAttack.cs
  artifactKey: Guid(774a5cd720b78d8498f47d37351d5b06) Importer(815301076,1909f56bfc062723c751e8b465ee728b)
Start importing Assets/Scripts/Enemy/AttackBehaviours/EnemySuicideAttack.cs using Guid(774a5cd720b78d8498f47d37351d5b06) Importer(815301076,1909f56bfc062723c751e8b465ee728b)  -> (artifact id: 'a67b04feb7d0814329c7e4e6e0d49791') in 0.009971 seconds 
========================================================================
Received Import Request.
  Time since last request: 0.808803 seconds.
  path: Assets/Scripts/Enemy/AttackBehaviours/EnemyMeleeAttack.cs
  artifactKey: Guid(9f03770d304f06243817a0bebb7af289) Importer(815301076,1909f56bfc062723c751e8b465ee728b)
Start importing Assets/Scripts/Enemy/AttackBehaviours/EnemyMeleeAttack.cs using Guid(9f03770d304f06243817a0bebb7af289) Importer(815301076,1909f56bfc062723c751e8b465ee728b)  -> (artifact id: '1fa894eecbc2ca05f185fa04a1b3ecbe') in 0.010186 seconds 
========================================================================
Received Import Request.
  Time since last request: 590.404624 seconds.
  path: Assets/Animations/WeaponHolder.controller
  artifactKey: Guid(4dbbc70e91cb48346825a21619f6a899) Importer(2089858483,934ff659095e30574adcf32a4c2f97b5)
Start importing Assets/Animations/WeaponHolder.controller using Guid(4dbbc70e91cb48346825a21619f6a899) Importer(2089858483,934ff659095e30574adcf32a4c2f97b5)  -> (artifact id: 'c5866dcbb659694e52bcd4e204cc6bcd') in 0.067872 seconds 
========================================================================
Received Import Request.
  Time since last request: 0.000228 seconds.
  path: Assets/Prefabs/Player/Weapons/AssaultRifle.prefab
  artifactKey: Guid(5a06729af4143664a9ee40da356e7a87) Importer(2089858483,934ff659095e30574adcf32a4c2f97b5)
Start importing Assets/Prefabs/Player/Weapons/AssaultRifle.prefab using Guid(5a06729af4143664a9ee40da356e7a87) Importer(2089858483,934ff659095e30574adcf32a4c2f97b5)  -> (artifact id: '6f131a9b0e1ae5aa833593f0a41cbf11') in 0.016315 seconds 
========================================================================
Received Import Request.
  Time since last request: 0.000224 seconds.
  path: Assets/Scripts/Game/EnemySpawner.cs
  artifactKey: Guid(e01c30db47bbcd94d8357b6b1ea2b5e7) Importer(2089858483,934ff659095e30574adcf32a4c2f97b5)
Start importing Assets/Scripts/Game/EnemySpawner.cs using Guid(e01c30db47bbcd94d8357b6b1ea2b5e7) Importer(2089858483,934ff659095e30574adcf32a4c2f97b5)  -> (artifact id: '0da1ebfdd414cfc49dd0c43650ca5154') in 0.011485 seconds 
========================================================================
Received Import Request.
  Time since last request: 0.000244 seconds.
  path: Assets/Animations/WeaponReload.anim
  artifactKey: Guid(79316b3c72a72e54f928ba1da9a73045) Importer(2089858483,934ff659095e30574adcf32a4c2f97b5)
Start importing Assets/Animations/WeaponReload.anim using Guid(79316b3c72a72e54f928ba1da9a73045) Importer(2089858483,934ff659095e30574adcf32a4c2f97b5)  -> (artifact id: 'e83f5b64be627d0a382fb33288c7f17c') in 0.015240 seconds 
========================================================================
Received Import Request.
  Time since last request: 0.000243 seconds.
  path: Assets/Scripts/Enemy/EnemyController.cs
  artifactKey: Guid(9cf37b66d7e46b7458d3b8596d0754cc) Importer(2089858483,934ff659095e30574adcf32a4c2f97b5)
Start importing Assets/Scripts/Enemy/EnemyController.cs using Guid(9cf37b66d7e46b7458d3b8596d0754cc) Importer(2089858483,934ff659095e30574adcf32a4c2f97b5)  -> (artifact id: '7e0587298abc4f73a6ee3411c4ba1bbf') in 0.013596 seconds 
========================================================================
Received Import Request.
  Time since last request: 0.000244 seconds.
  path: Assets/Materials/Enemies/GruntMaterial.mat
  artifactKey: Guid(c7c135d8a4d99ee418c7987d0f37c63d) Importer(2089858483,934ff659095e30574adcf32a4c2f97b5)
Start importing Assets/Materials/Enemies/GruntMaterial.mat using Guid(c7c135d8a4d99ee418c7987d0f37c63d) Importer(2089858483,934ff659095e30574adcf32a4c2f97b5)  -> (artifact id: 'b7fb4b26def8ec69ba50194446cc268f') in 0.017589 seconds 
========================================================================
Received Import Request.
  Time since last request: 0.000215 seconds.
  path: Assets/Scenes/SampleScene/NavMesh.asset
  artifactKey: Guid(e17b679c97c0b41449789841f3a1f96b) Importer(2089858483,934ff659095e30574adcf32a4c2f97b5)
Start importing Assets/Scenes/SampleScene/NavMesh.asset using Guid(e17b679c97c0b41449789841f3a1f96b) Importer(2089858483,934ff659095e30574adcf32a4c2f97b5)  -> (artifact id: 'ba13263e6813a03ab34303a12e2884d7') in 0.015577 seconds 
========================================================================
Received Import Request.
  Time since last request: 0.000277 seconds.
  path: Assets/Fonts/Roboto-BoldItalic.ttf
  artifactKey: Guid(e5c3c53a7862f58408270ea22816a15e) Importer(2089858483,934ff659095e30574adcf32a4c2f97b5)
Start importing Assets/Fonts/Roboto-BoldItalic.ttf using Guid(e5c3c53a7862f58408270ea22816a15e) Importer(2089858483,934ff659095e30574adcf32a4c2f97b5)  -> (artifact id: '6a0b1c986bc49704eaefd7dfce9ede05') in 0.034218 seconds 
========================================================================
Received Import Request.
  Time since last request: 0.000234 seconds.
  path: Assets/Inputs/CS200 - FPS Project.inputactions
  artifactKey: Guid(7489300d771a821459e23c09c37f9615) Importer(2089858483,934ff659095e30574adcf32a4c2f97b5)
Start importing Assets/Inputs/CS200 - FPS Project.inputactions using Guid(7489300d771a821459e23c09c37f9615) Importer(2089858483,934ff659095e30574adcf32a4c2f97b5)  -> (artifact id: '8e4ccb54cb510991f8f4d80768bb87c3') in 0.015884 seconds 
========================================================================
Received Import Request.
  Time since last request: 0.000200 seconds.
  path: Assets/Materials/PlayerMaterial.mat
  artifactKey: Guid(55c60bd6196e3e54bb3027a38bc9a8ba) Importer(2089858483,934ff659095e30574adcf32a4c2f97b5)
Start importing Assets/Materials/PlayerMaterial.mat using Guid(55c60bd6196e3e54bb3027a38bc9a8ba) Importer(2089858483,934ff659095e30574adcf32a4c2f97b5)  -> (artifact id: '31b1d2ddfc259537ac5e98b28d1f646a') in 0.013048 seconds 
========================================================================
Received Import Request.
  Time since last request: 0.000236 seconds.
  path: Assets/Materials/BorderMaterial.mat
  artifactKey: Guid(51b520638c0391d4e94da287ca1e690c) Importer(2089858483,934ff659095e30574adcf32a4c2f97b5)
Start importing Assets/Materials/BorderMaterial.mat using Guid(51b520638c0391d4e94da287ca1e690c) Importer(2089858483,934ff659095e30574adcf32a4c2f97b5)  -> (artifact id: '96d4362d8335b5bc1a6d0db0310c9276') in 0.012349 seconds 
========================================================================
Received Import Request.
  Time since last request: 0.000176 seconds.
  path: Assets/Scripts/Enemy/AttackBehaviours/EnemySpawnAttack.cs
  artifactKey: Guid(0641aa0a1b5bb484dad1297b414d2728) Importer(2089858483,934ff659095e30574adcf32a4c2f97b5)
Start importing Assets/Scripts/Enemy/AttackBehaviours/EnemySpawnAttack.cs using Guid(0641aa0a1b5bb484dad1297b414d2728) Importer(2089858483,934ff659095e30574adcf32a4c2f97b5)  -> (artifact id: 'fd66cb96ba87d3afb16417c64fa536c1') in 0.013612 seconds 
========================================================================
Received Import Request.
  Time since last request: 0.000301 seconds.
  path: Assets/Materials/Weapons/SubmachineGunMaterial.mat
  artifactKey: Guid(851081d33554e2042aefe1442b75ff71) Importer(2089858483,934ff659095e30574adcf32a4c2f97b5)
Start importing Assets/Materials/Weapons/SubmachineGunMaterial.mat using Guid(851081d33554e2042aefe1442b75ff71) Importer(2089858483,934ff659095e30574adcf32a4c2f97b5)  -> (artifact id: '90f65d45c28a0658b08f7fcbac710c47') in 0.012797 seconds 
========================================================================
Received Import Request.
  Time since last request: 0.000231 seconds.
  path: Assets/Materials/Enemies/BruteMaterial.mat
  artifactKey: Guid(5821dd36b666d224c9e12a801c19ea86) Importer(2089858483,934ff659095e30574adcf32a4c2f97b5)
Start importing Assets/Materials/Enemies/BruteMaterial.mat using Guid(5821dd36b666d224c9e12a801c19ea86) Importer(2089858483,934ff659095e30574adcf32a4c2f97b5)  -> (artifact id: 'a1d5430c8a4a7548037f4ef7949040d7') in 0.013309 seconds 
========================================================================
Received Import Request.
  Time since last request: 0.000218 seconds.
  path: Assets/Fonts/Roboto-Italic.ttf
  artifactKey: Guid(734dcb316d5bedd498f4d07ef4551d3f) Importer(2089858483,934ff659095e30574adcf32a4c2f97b5)
Start importing Assets/Fonts/Roboto-Italic.ttf using Guid(734dcb316d5bedd498f4d07ef4551d3f) Importer(2089858483,934ff659095e30574adcf32a4c2f97b5)  -> (artifact id: '1d134a8fd4dd2781c1ec299413515188') in 0.015763 seconds 
========================================================================
Received Import Request.
  Time since last request: 0.000231 seconds.
  path: Assets/Scripts/Enemy/AttackBehaviours/EnemySuicideAttack.cs
  artifactKey: Guid(774a5cd720b78d8498f47d37351d5b06) Importer(2089858483,934ff659095e30574adcf32a4c2f97b5)
Start importing Assets/Scripts/Enemy/AttackBehaviours/EnemySuicideAttack.cs using Guid(774a5cd720b78d8498f47d37351d5b06) Importer(2089858483,934ff659095e30574adcf32a4c2f97b5)  -> (artifact id: '0108e2cae35c4bfd6ee05129fce2a9f1') in 0.012820 seconds 
========================================================================
Received Import Request.
  Time since last request: 0.000235 seconds.
  path: Assets/Prefabs/Environment/Borders/SouthBorder.prefab
  artifactKey: Guid(12cd229e8516b104e84911fc7c5e10de) Importer(2089858483,934ff659095e30574adcf32a4c2f97b5)
Start importing Assets/Prefabs/Environment/Borders/SouthBorder.prefab using Guid(12cd229e8516b104e84911fc7c5e10de) Importer(2089858483,934ff659095e30574adcf32a4c2f97b5)  -> (artifact id: '365437f7325e387324398483a3474cfb') in 0.012985 seconds 
========================================================================
Received Import Request.
  Time since last request: 0.000268 seconds.
  path: Assets/Materials/Enemies/SpawnlingMaterial.mat
  artifactKey: Guid(cedc1e81be9d2b04b869afa4badbe4ef) Importer(2089858483,934ff659095e30574adcf32a4c2f97b5)
Start importing Assets/Materials/Enemies/SpawnlingMaterial.mat using Guid(cedc1e81be9d2b04b869afa4badbe4ef) Importer(2089858483,934ff659095e30574adcf32a4c2f97b5)  -> (artifact id: '08a2acc4805d299f2da18551f5e35e32') in 0.011935 seconds 
========================================================================
Received Import Request.
  Time since last request: 0.000235 seconds.
  path: Assets/Prefabs/Enemies/Exploder.prefab
  artifactKey: Guid(267b1f4cc69a33242a5d37787cacddbc) Importer(2089858483,934ff659095e30574adcf32a4c2f97b5)
Start importing Assets/Prefabs/Enemies/Exploder.prefab using Guid(267b1f4cc69a33242a5d37787cacddbc) Importer(2089858483,934ff659095e30574adcf32a4c2f97b5)  -> (artifact id: 'c15327e605bac0db83c7b7bf65fd249d') in 0.013228 seconds 
========================================================================
Received Import Request.
  Time since last request: 0.000257 seconds.
  path: Assets/Prefabs/Player/Weapons/SemiautoRifle.prefab
  artifactKey: Guid(80ab0b7a9483d244390d0ae79325f088) Importer(2089858483,934ff659095e30574adcf32a4c2f97b5)
Start importing Assets/Prefabs/Player/Weapons/SemiautoRifle.prefab using Guid(80ab0b7a9483d244390d0ae79325f088) Importer(2089858483,934ff659095e30574adcf32a4c2f97b5)  -> (artifact id: '9da9cb96cad3dcf498bccbb4cc153700') in 0.013059 seconds 
========================================================================
Received Import Request.
  Time since last request: 0.000260 seconds.
  path: Assets/Scripts/Player/Weapons/GrenadeThrower.cs
  artifactKey: Guid(bdac413b9a50c8d4ea3339beaf693d30) Importer(2089858483,934ff659095e30574adcf32a4c2f97b5)
Start importing Assets/Scripts/Player/Weapons/GrenadeThrower.cs using Guid(bdac413b9a50c8d4ea3339beaf693d30) Importer(2089858483,934ff659095e30574adcf32a4c2f97b5)  -> (artifact id: '5fc4c7f3401559e13fcbe901437cd9ab') in 0.012857 seconds 
========================================================================
Received Import Request.
  Time since last request: 0.000211 seconds.
  path: Assets/Fonts/Roboto-LightItalic.ttf
  artifactKey: Guid(b3ae90bd66819324e82f4f0111dfcc96) Importer(2089858483,934ff659095e30574adcf32a4c2f97b5)
Start importing Assets/Fonts/Roboto-LightItalic.ttf using Guid(b3ae90bd66819324e82f4f0111dfcc96) Importer(2089858483,934ff659095e30574adcf32a4c2f97b5)  -> (artifact id: '192cb9de27a0b21db7f379560e843eab') in 0.015241 seconds 
========================================================================
Received Import Request.
  Time since last request: 0.000297 seconds.
  path: Assets/Prefabs/Environment/Borders/EastBorder.prefab
  artifactKey: Guid(1213acffc3891ef4ab52c5765ba3ca48) Importer(2089858483,934ff659095e30574adcf32a4c2f97b5)
Start importing Assets/Prefabs/Environment/Borders/EastBorder.prefab using Guid(1213acffc3891ef4ab52c5765ba3ca48) Importer(2089858483,934ff659095e30574adcf32a4c2f97b5)  -> (artifact id: '1c94f85d07ed65ee486b2739671546a1') in 0.012921 seconds 
========================================================================
Received Import Request.
  Time since last request: 0.000272 seconds.
  path: Assets/Materials/GroundMaterial.mat
  artifactKey: Guid(e2d0c4d9b1da827418368d8e7762ccba) Importer(2089858483,934ff659095e30574adcf32a4c2f97b5)
Start importing Assets/Materials/GroundMaterial.mat using Guid(e2d0c4d9b1da827418368d8e7762ccba) Importer(2089858483,934ff659095e30574adcf32a4c2f97b5)  -> (artifact id: 'd14e0206a037e36622194c24a1a60043') in 0.012839 seconds 
========================================================================
Received Import Request.
  Time since last request: 0.000275 seconds.
  path: Assets/Scripts/Player/Weapons/GrenadeController.cs
  artifactKey: Guid(a9b1e51d21e492547a11422c0c26da45) Importer(2089858483,934ff659095e30574adcf32a4c2f97b5)
Start importing Assets/Scripts/Player/Weapons/GrenadeController.cs using Guid(a9b1e51d21e492547a11422c0c26da45) Importer(2089858483,934ff659095e30574adcf32a4c2f97b5)  -> (artifact id: 'ec6d4c64aeb5e5f9d785c90d1064df0a') in 0.013474 seconds 
========================================================================
Received Import Request.
  Time since last request: 0.000257 seconds.
  path: Assets/Fonts/Roboto-Thin.ttf
  artifactKey: Guid(4876f07adb3181847a1cfedecca853ed) Importer(2089858483,934ff659095e30574adcf32a4c2f97b5)
Start importing Assets/Fonts/Roboto-Thin.ttf using Guid(4876f07adb3181847a1cfedecca853ed) Importer(2089858483,934ff659095e30574adcf32a4c2f97b5)  -> (artifact id: 'b8e9068d449416ee37c18054487396bc') in 0.015144 seconds 
========================================================================
Received Import Request.
  Time since last request: 0.000238 seconds.
  path: Assets/Prefabs/Environment/Borders/NorthBorder.prefab
  artifactKey: Guid(18540ddbd20a6404c8652eec8115b9fe) Importer(2089858483,934ff659095e30574adcf32a4c2f97b5)
Start importing Assets/Prefabs/Environment/Borders/NorthBorder.prefab using Guid(18540ddbd20a6404c8652eec8115b9fe) Importer(2089858483,934ff659095e30574adcf32a4c2f97b5)  -> (artifact id: 'dbeef31e67ea93e4b6077331f5f02ab2') in 0.012529 seconds 
========================================================================
Received Import Request.
  Time since last request: 0.000261 seconds.
  path: Assets/Scripts/UI/DirectorDisplay.cs
  artifactKey: Guid(80441b3cc6a77a34d8798348a9453e89) Importer(2089858483,934ff659095e30574adcf32a4c2f97b5)
Start importing Assets/Scripts/UI/DirectorDisplay.cs using Guid(80441b3cc6a77a34d8798348a9453e89) Importer(2089858483,934ff659095e30574adcf32a4c2f97b5)  -> (artifact id: '835a2f25ba0bd668d168c19d4ead0281') in 0.012570 seconds 
========================================================================
Received Import Request.
  Time since last request: 0.000292 seconds.
  path: Assets/Fonts/Roboto-BlackItalic.ttf
  artifactKey: Guid(c47ff59c81738fd48ae43a749dcfa705) Importer(2089858483,934ff659095e30574adcf32a4c2f97b5)
Start importing Assets/Fonts/Roboto-BlackItalic.ttf using Guid(c47ff59c81738fd48ae43a749dcfa705) Importer(2089858483,934ff659095e30574adcf32a4c2f97b5)  -> (artifact id: '4cb1b0333c37ed8e6413c046acefa779') in 0.016165 seconds 
========================================================================
Received Import Request.
  Time since last request: 0.000213 seconds.
  path: Assets/Materials/Weapons/Grenades/StickGrenade/StickGrenadeHandleMaterial.mat
  artifactKey: Guid(49cda926b601b1741ac8a4f644a2840a) Importer(2089858483,934ff659095e30574adcf32a4c2f97b5)
Start importing Assets/Materials/Weapons/Grenades/StickGrenade/StickGrenadeHandleMaterial.mat using Guid(49cda926b601b1741ac8a4f644a2840a) Importer(2089858483,934ff659095e30574adcf32a4c2f97b5)  -> (artifact id: '4192d070a57d84a7533318dd9498fd24') in 0.012398 seconds 
========================================================================
Received Import Request.
  Time since last request: 0.000198 seconds.
  path: Assets/Materials/Enemies/CarrierMaterial.mat
  artifactKey: Guid(0fd316dde21b3584fbe0870968d1b0af) Importer(2089858483,934ff659095e30574adcf32a4c2f97b5)
Start importing Assets/Materials/Enemies/CarrierMaterial.mat using Guid(0fd316dde21b3584fbe0870968d1b0af) Importer(2089858483,934ff659095e30574adcf32a4c2f97b5)  -> (artifact id: 'b3bac5a7b104b66f3caee86629ffa8e5') in 0.012761 seconds 
========================================================================
Received Import Request.
  Time since last request: 0.000233 seconds.
  path: Assets/Fonts/Roboto-Regular.ttf
  artifactKey: Guid(eb7ecaeead869c44ab87425e9c55a8a0) Importer(2089858483,934ff659095e30574adcf32a4c2f97b5)
Start importing Assets/Fonts/Roboto-Regular.ttf using Guid(eb7ecaeead869c44ab87425e9c55a8a0) Importer(2089858483,934ff659095e30574adcf32a4c2f97b5)  -> (artifact id: '39b15bf39786cc233afab73f235ac96b') in 0.014671 seconds 
========================================================================
Received Import Request.
  Time since last request: 0.000190 seconds.
  path: Assets/Prefabs/Enemies/Spawnling.prefab
  artifactKey: Guid(4c02e5324b7afcc49952ebdf7ac5e150) Importer(2089858483,934ff659095e30574adcf32a4c2f97b5)
Start importing Assets/Prefabs/Enemies/Spawnling.prefab using Guid(4c02e5324b7afcc49952ebdf7ac5e150) Importer(2089858483,934ff659095e30574adcf32a4c2f97b5)  -> (artifact id: '0305dd95eb6cbe9fb56256a966a47552') in 0.013370 seconds 
========================================================================
Received Import Request.
  Time since last request: 0.000232 seconds.
  path: Assets/Fonts/Roboto-MediumItalic.ttf
  artifactKey: Guid(2fb3dceab04c2b0449289c71f2940f16) Importer(2089858483,934ff659095e30574adcf32a4c2f97b5)
Start importing Assets/Fonts/Roboto-MediumItalic.ttf using Guid(2fb3dceab04c2b0449289c71f2940f16) Importer(2089858483,934ff659095e30574adcf32a4c2f97b5)  -> (artifact id: '22380afe1f7286118a3aae70b2fcfe61') in 0.015716 seconds 
========================================================================
Received Import Request.
  Time since last request: 0.000261 seconds.
  path: Assets/Prefabs/Player/Weapons/SubmachineGun Variant.prefab
  artifactKey: Guid(611e0eb30ecd70e49902c1a04309206e) Importer(2089858483,934ff659095e30574adcf32a4c2f97b5)
Start importing Assets/Prefabs/Player/Weapons/SubmachineGun Variant.prefab using Guid(611e0eb30ecd70e49902c1a04309206e) Importer(2089858483,934ff659095e30574adcf32a4c2f97b5)  -> (artifact id: '5b76c2cdde6cdc6a656eb7c661e54163') in 0.012895 seconds 
========================================================================
Received Import Request.
  Time since last request: 0.000247 seconds.
  path: Assets/Materials/Weapons/SemiautomaticRifleMaterial.mat
  artifactKey: Guid(59c82759b739ed54c9b05f5c3d5db06a) Importer(2089858483,934ff659095e30574adcf32a4c2f97b5)
Start importing Assets/Materials/Weapons/SemiautomaticRifleMaterial.mat using Guid(59c82759b739ed54c9b05f5c3d5db06a) Importer(2089858483,934ff659095e30574adcf32a4c2f97b5)  -> (artifact id: 'f59ff058ff69144645e62258d32c100f') in 0.013504 seconds 
========================================================================
Received Import Request.
  Time since last request: 0.000235 seconds.
  path: Assets/Materials/Weapons/Grenades/StickGrenade/StickGrenadeHeadMaterial.mat
  artifactKey: Guid(ee5f235d422605b4492a72b3f1f201bc) Importer(2089858483,934ff659095e30574adcf32a4c2f97b5)
Start importing Assets/Materials/Weapons/Grenades/StickGrenade/StickGrenadeHeadMaterial.mat using Guid(ee5f235d422605b4492a72b3f1f201bc) Importer(2089858483,934ff659095e30574adcf32a4c2f97b5)  -> (artifact id: '1ed25221237e168931ab286af7ee030b') in 0.012790 seconds 
========================================================================
Received Import Request.
  Time since last request: 0.000263 seconds.
  path: Assets/Scripts/Player/Weapons/GunController.cs
  artifactKey: Guid(908b2fbc38dc9ee48bf7c5244e337151) Importer(2089858483,934ff659095e30574adcf32a4c2f97b5)
Start importing Assets/Scripts/Player/Weapons/GunController.cs using Guid(908b2fbc38dc9ee48bf7c5244e337151) Importer(2089858483,934ff659095e30574adcf32a4c2f97b5)  -> (artifact id: 'd7638b8dcaabc022323fa1bd92babaab') in 0.012797 seconds 
========================================================================
Received Import Request.
  Time since last request: 0.000216 seconds.
  path: Assets/Fonts/Roboto-Light.ttf
  artifactKey: Guid(9229a4eb86b855945ae728c7a79954ef) Importer(2089858483,934ff659095e30574adcf32a4c2f97b5)
Start importing Assets/Fonts/Roboto-Light.ttf using Guid(9229a4eb86b855945ae728c7a79954ef) Importer(2089858483,934ff659095e30574adcf32a4c2f97b5)  -> (artifact id: '278bc9370b78f6f3c3d3ff3b8c9ce1a3') in 0.015871 seconds 
========================================================================
Received Import Request.
  Time since last request: 0.000192 seconds.
  path: Assets/Prefabs/Player/Weapons/StickGrenade.prefab
  artifactKey: Guid(9865d4efe51fb734d9d9e1968272f213) Importer(2089858483,934ff659095e30574adcf32a4c2f97b5)
Start importing Assets/Prefabs/Player/Weapons/StickGrenade.prefab using Guid(9865d4efe51fb734d9d9e1968272f213) Importer(2089858483,934ff659095e30574adcf32a4c2f97b5)  -> (artifact id: '17166baa0cdd9158bd525665f963418e') in 0.012512 seconds 
========================================================================
Received Import Request.
  Time since last request: 0.000194 seconds.
  path: Assets/Scripts/Player/Weapons/WeaponSwitching.cs
  artifactKey: Guid(a6b17d423a6332a4ea3d39e1d75d81a7) Importer(2089858483,934ff659095e30574adcf32a4c2f97b5)
Start importing Assets/Scripts/Player/Weapons/WeaponSwitching.cs using Guid(a6b17d423a6332a4ea3d39e1d75d81a7) Importer(2089858483,934ff659095e30574adcf32a4c2f97b5)  -> (artifact id: '3cb542d259c34ffec06f592a007ea30c') in 0.012598 seconds 
========================================================================
Received Import Request.
  Time since last request: 0.000296 seconds.
  path: Assets/Scripts/UI/GrenadeDisplay.cs
  artifactKey: Guid(b1ba684f68e9122458276967f20218ba) Importer(2089858483,934ff659095e30574adcf32a4c2f97b5)
Start importing Assets/Scripts/UI/GrenadeDisplay.cs using Guid(b1ba684f68e9122458276967f20218ba) Importer(2089858483,934ff659095e30574adcf32a4c2f97b5)  -> (artifact id: 'c0f8acf274a7ad6925c6e1116fd4af99') in 0.012391 seconds 
========================================================================
Received Import Request.
  Time since last request: 0.000213 seconds.
  path: Assets/Prefabs/Enemies/Carrier.prefab
  artifactKey: Guid(5d7c88b430c7a364bb90d933ef3ac9ae) Importer(2089858483,934ff659095e30574adcf32a4c2f97b5)
Start importing Assets/Prefabs/Enemies/Carrier.prefab using Guid(5d7c88b430c7a364bb90d933ef3ac9ae) Importer(2089858483,934ff659095e30574adcf32a4c2f97b5)  -> (artifact id: '893bc2d8e96d54b8d7f1f26d133a3607') in 0.011893 seconds 
========================================================================
Received Import Request.
  Time since last request: 0.000280 seconds.
  path: Assets/Scripts/UI/HealthDisplay.cs
  artifactKey: Guid(d7b411f042f314d44859357dd1b6809b) Importer(2089858483,934ff659095e30574adcf32a4c2f97b5)
Start importing Assets/Scripts/UI/HealthDisplay.cs using Guid(d7b411f042f314d44859357dd1b6809b) Importer(2089858483,934ff659095e30574adcf32a4c2f97b5)  -> (artifact id: 'e04df81dc48e3170cd8cba2cb00a29d5') in 0.013714 seconds 
========================================================================
Received Import Request.
  Time since last request: 0.000208 seconds.
  path: Assets/Materials/Enemies/ExploderMaterial.mat
  artifactKey: Guid(481e8633677857848945b815fd73995f) Importer(2089858483,934ff659095e30574adcf32a4c2f97b5)
Start importing Assets/Materials/Enemies/ExploderMaterial.mat using Guid(481e8633677857848945b815fd73995f) Importer(2089858483,934ff659095e30574adcf32a4c2f97b5)  -> (artifact id: 'e15a30d0fa10f0ab05b9426fc9cdccd9') in 0.012818 seconds 
========================================================================
Received Import Request.
  Time since last request: 0.000231 seconds.
  path: Assets/Animations/WeaponIdle.anim
  artifactKey: Guid(7b4686141c361eb47a0f061382c8d817) Importer(2089858483,934ff659095e30574adcf32a4c2f97b5)
Start importing Assets/Animations/WeaponIdle.anim using Guid(7b4686141c361eb47a0f061382c8d817) Importer(2089858483,934ff659095e30574adcf32a4c2f97b5)  -> (artifact id: 'c47eabd6185148f2e40cbb944be3ec44') in 0.012530 seconds 
========================================================================
Received Import Request.
  Time since last request: 0.000217 seconds.
  path: Assets/Fonts/Roboto-Bold.ttf
  artifactKey: Guid(390e7665e7421ac4f9052798c6582445) Importer(2089858483,934ff659095e30574adcf32a4c2f97b5)
Start importing Assets/Fonts/Roboto-Bold.ttf using Guid(390e7665e7421ac4f9052798c6582445) Importer(2089858483,934ff659095e30574adcf32a4c2f97b5)  -> (artifact id: 'afbeeb1c67ebe0219c12a47906321e8f') in 0.015043 seconds 
========================================================================
Received Import Request.
  Time since last request: 0.000191 seconds.
  path: Assets/Scripts/Player/CameraController.cs
  artifactKey: Guid(7b8cec31f14fcc84a9de4286ec02ed6e) Importer(2089858483,934ff659095e30574adcf32a4c2f97b5)
Start importing Assets/Scripts/Player/CameraController.cs using Guid(7b8cec31f14fcc84a9de4286ec02ed6e) Importer(2089858483,934ff659095e30574adcf32a4c2f97b5)  -> (artifact id: 'fc628f7199403c7af5b238a0eb1fb63f') in 0.013004 seconds 
========================================================================
Received Import Request.
  Time since last request: 0.000281 seconds.
  path: Assets/Fonts/Roboto-Black.ttf
  artifactKey: Guid(c8af0509cca9335458cff7098c81be76) Importer(2089858483,934ff659095e30574adcf32a4c2f97b5)
Start importing Assets/Fonts/Roboto-Black.ttf using Guid(c8af0509cca9335458cff7098c81be76) Importer(2089858483,934ff659095e30574adcf32a4c2f97b5)  -> (artifact id: '5be548610f2403899e27b1229c671c4d') in 0.015079 seconds 
========================================================================
Received Import Request.
  Time since last request: 0.000225 seconds.
  path: Assets/Fonts/Roboto-ThinItalic.ttf
  artifactKey: Guid(8fb7a7271bd712541a25d55ecac187b1) Importer(2089858483,934ff659095e30574adcf32a4c2f97b5)
Start importing Assets/Fonts/Roboto-ThinItalic.ttf using Guid(8fb7a7271bd712541a25d55ecac187b1) Importer(2089858483,934ff659095e30574adcf32a4c2f97b5)  -> (artifact id: 'fbee3dcffd62eca0edceef0197cd9c68') in 0.015304 seconds 
========================================================================
Received Import Request.
  Time since last request: 0.000186 seconds.
  path: Assets/Materials/Weapons/AssaultRifleMaterial.mat
  artifactKey: Guid(1e421eb741b8bea47af2196daae6cf82) Importer(2089858483,934ff659095e30574adcf32a4c2f97b5)
Start importing Assets/Materials/Weapons/AssaultRifleMaterial.mat using Guid(1e421eb741b8bea47af2196daae6cf82) Importer(2089858483,934ff659095e30574adcf32a4c2f97b5)  -> (artifact id: 'f703579b22e2d29fe0f6853756bff980') in 0.013161 seconds 
========================================================================
Received Import Request.
  Time since last request: 0.000224 seconds.
  path: Assets/Prefabs/Environment/Ground/Ground.prefab
  artifactKey: Guid(ab60ebbc05a0e1545bea5261bcc34ccd) Importer(2089858483,934ff659095e30574adcf32a4c2f97b5)
Start importing Assets/Prefabs/Environment/Ground/Ground.prefab using Guid(ab60ebbc05a0e1545bea5261bcc34ccd) Importer(2089858483,934ff659095e30574adcf32a4c2f97b5)  -> (artifact id: '170c2e9b8312448b0cbc58ca5aec4e8a') in 0.011682 seconds 
========================================================================
Received Import Request.
  Time since last request: 0.000184 seconds.
  path: Assets/Prefabs/Environment/Borders/WestBorder.prefab
  artifactKey: Guid(3926e9d22bc2f8c4e8345e25b4445453) Importer(2089858483,934ff659095e30574adcf32a4c2f97b5)
Start importing Assets/Prefabs/Environment/Borders/WestBorder.prefab using Guid(3926e9d22bc2f8c4e8345e25b4445453) Importer(2089858483,934ff659095e30574adcf32a4c2f97b5)  -> (artifact id: 'd70e1f3c9b36ad8b5f5cb19e93cb1b04') in 0.013488 seconds 
========================================================================
Received Import Request.
  Time since last request: 0.000213 seconds.
  path: Assets/Scenes/SampleScene.unity
  artifactKey: Guid(9fc0d4010bbf28b4594072e72b8655ab) Importer(2089858483,934ff659095e30574adcf32a4c2f97b5)
Start importing Assets/Scenes/SampleScene.unity using Guid(9fc0d4010bbf28b4594072e72b8655ab) Importer(2089858483,934ff659095e30574adcf32a4c2f97b5)  -> (artifact id: '908f62fcedc1a7b683c7249f1079179a') in 0.011888 seconds 
========================================================================
Received Import Request.
  Time since last request: 0.000229 seconds.
  path: Assets/Scripts/Player/MovementController.cs
  artifactKey: Guid(4dc25a8e95e420b4696f84aa0cfa52b9) Importer(2089858483,934ff659095e30574adcf32a4c2f97b5)
Start importing Assets/Scripts/Player/MovementController.cs using Guid(4dc25a8e95e420b4696f84aa0cfa52b9) Importer(2089858483,934ff659095e30574adcf32a4c2f97b5)  -> (artifact id: '1329957ba904cb423edb26bec9d04b4e') in 0.013101 seconds 
========================================================================
Received Import Request.
  Time since last request: 0.000212 seconds.
  path: Assets/Scripts/Enemy/Target.cs
  artifactKey: Guid(7c0d60cb1049209438631c55d91f437d) Importer(2089858483,934ff659095e30574adcf32a4c2f97b5)
Start importing Assets/Scripts/Enemy/Target.cs using Guid(7c0d60cb1049209438631c55d91f437d) Importer(2089858483,934ff659095e30574adcf32a4c2f97b5)  -> (artifact id: 'e5eb9b654259bbbe2f0dee853f7dbcc5') in 0.012523 seconds 
========================================================================
Received Import Request.
  Time since last request: 0.000242 seconds.
  path: Assets/Scripts/UI/WeaponDisplay.cs
  artifactKey: Guid(fdd596a031a3b144498b676aad73c029) Importer(2089858483,934ff659095e30574adcf32a4c2f97b5)
Start importing Assets/Scripts/UI/WeaponDisplay.cs using Guid(fdd596a031a3b144498b676aad73c029) Importer(2089858483,934ff659095e30574adcf32a4c2f97b5)  -> (artifact id: 'bdef6c362b2d39ad12dc7c300110f36a') in 0.013795 seconds 
========================================================================
Received Import Request.
  Time since last request: 0.000257 seconds.
  path: Assets/Prefabs/Enemies/Grunt.prefab
  artifactKey: Guid(2aa3fc7315913cf4a9159bab765d80c4) Importer(2089858483,934ff659095e30574adcf32a4c2f97b5)
Start importing Assets/Prefabs/Enemies/Grunt.prefab using Guid(2aa3fc7315913cf4a9159bab765d80c4) Importer(2089858483,934ff659095e30574adcf32a4c2f97b5)  -> (artifact id: 'd11da48ba53177ff458b1959b9a2bc98') in 0.012213 seconds 
========================================================================
Received Import Request.
  Time since last request: 0.000204 seconds.
  path: Assets/Fonts/Roboto-Medium.ttf
  artifactKey: Guid(c08b1c6fe2ed1f54fa714ff91c0ef8f7) Importer(2089858483,934ff659095e30574adcf32a4c2f97b5)
Start importing Assets/Fonts/Roboto-Medium.ttf using Guid(c08b1c6fe2ed1f54fa714ff91c0ef8f7) Importer(2089858483,934ff659095e30574adcf32a4c2f97b5)  -> (artifact id: '222d0f59edff353b46aa068ae7ab161e') in 0.015465 seconds 
========================================================================
Received Import Request.
  Time since last request: 0.000252 seconds.
  path: Assets/Scripts/Player/PlayerHealth.cs
  artifactKey: Guid(2a2ecae6e3488294d918ab6390fe5a37) Importer(2089858483,934ff659095e30574adcf32a4c2f97b5)
Start importing Assets/Scripts/Player/PlayerHealth.cs using Guid(2a2ecae6e3488294d918ab6390fe5a37) Importer(2089858483,934ff659095e30574adcf32a4c2f97b5)  -> (artifact id: 'e85b4abe66cbd34808a456640a81908b') in 0.013129 seconds 
========================================================================
Received Import Request.
  Time since last request: 0.000220 seconds.
  path: Assets/Scripts/Enemy/AttackBehaviours/EnemyMeleeAttack.cs
  artifactKey: Guid(9f03770d304f06243817a0bebb7af289) Importer(2089858483,934ff659095e30574adcf32a4c2f97b5)
Start importing Assets/Scripts/Enemy/AttackBehaviours/EnemyMeleeAttack.cs using Guid(9f03770d304f06243817a0bebb7af289) Importer(2089858483,934ff659095e30574adcf32a4c2f97b5)  -> (artifact id: '4008c9b36e186efeaa69b520b7002f9f') in 0.013257 seconds 
========================================================================
Received Import Request.
  Time since last request: 0.000275 seconds.
  path: Assets/Scripts/Game/ShopController.cs
  artifactKey: Guid(0370635fe5882354d8e7084f77b74265) Importer(2089858483,934ff659095e30574adcf32a4c2f97b5)
Start importing Assets/Scripts/Game/ShopController.cs using Guid(0370635fe5882354d8e7084f77b74265) Importer(2089858483,934ff659095e30574adcf32a4c2f97b5)  -> (artifact id: 'bbe23a25de2b3e0d0948ad319aa6f479') in 0.012642 seconds 
========================================================================
Received Import Request.
  Time since last request: 0.000245 seconds.
  path: Assets/Scripts/Game/GameDirector.cs
  artifactKey: Guid(56847d2122efd124b94e103f1734f1ec) Importer(2089858483,934ff659095e30574adcf32a4c2f97b5)
Start importing Assets/Scripts/Game/GameDirector.cs using Guid(56847d2122efd124b94e103f1734f1ec) Importer(2089858483,934ff659095e30574adcf32a4c2f97b5)  -> (artifact id: '3f7d8066b7792b2b6f38c3b056cb6e3b') in 0.013070 seconds 
========================================================================
Received Import Request.
  Time since last request: 0.000251 seconds.
  path: Assets/Prefabs/Enemies/Brute.prefab
  artifactKey: Guid(dbe1f40ea5e99ef40bbe905933620c5a) Importer(2089858483,934ff659095e30574adcf32a4c2f97b5)
Start importing Assets/Prefabs/Enemies/Brute.prefab using Guid(dbe1f40ea5e99ef40bbe905933620c5a) Importer(2089858483,934ff659095e30574adcf32a4c2f97b5)  -> (artifact id: '74f738ac52884c3d34a09e54fe752450') in 0.011475 seconds 
AssetImportWorkerClient::OnTransportError - code=2 error=End of file
